<?xml version="1.0" encoding="UTF-8"?>
<testng-results skipped="0" failed="0" ignored="0" total="1" passed="1">
  <reporter-output>
  </reporter-output>
  <suite name="com.simplilearn.TestNGproject.FacebookloginTest" duration-ms="17564" started-at="2022-03-29T14:38:23 IST" finished-at="2022-03-29T14:38:40 IST">
    <groups>
    </groups>
    <test name="Command line test" duration-ms="17564" started-at="2022-03-29T14:38:23 IST" finished-at="2022-03-29T14:38:40 IST">
      <class name="com.simplilearn.TestNGproject.FacebookloginTest">
        <test-method status="PASS" signature="Facebooklogin()[pri:0, instance:com.simplilearn.TestNGproject.FacebookloginTest@49fc609f]" name="Facebooklogin" duration-ms="17460" started-at="2022-03-29T14:38:23 IST" finished-at="2022-03-29T14:38:40 IST">
          <reporter-output>
          </reporter-output>
        </test-method> <!-- Facebooklogin -->
      </class> <!-- com.simplilearn.TestNGproject.FacebookloginTest -->
    </test> <!-- Command line test -->
  </suite> <!-- com.simplilearn.TestNGproject.FacebookloginTest -->
</testng-results>
