<?xml version="1.0" encoding="UTF-8"?>
<testng-results ignored="0" total="1" passed="1" failed="0" skipped="0">
  <reporter-output>
  </reporter-output>
  <suite started-at="2022-03-29T13:58:12 IST" name="Suite" finished-at="2022-03-29T13:58:20 IST" duration-ms="8067">
    <groups>
    </groups>
    <test started-at="2022-03-29T13:58:12 IST" name="Test" finished-at="2022-03-29T13:58:20 IST" duration-ms="8067">
      <class name="com.simplilearn.TestNGproject.FacebookloginTest">
        <test-method signature="Facebooklogin()[pri:0, instance:com.simplilearn.TestNGproject.FacebookloginTest@384ad17b]" started-at="2022-03-29T13:58:12 IST" name="Facebooklogin" finished-at="2022-03-29T13:58:20 IST" duration-ms="7994" status="PASS">
          <reporter-output>
          </reporter-output>
        </test-method> <!-- Facebooklogin -->
      </class> <!-- com.simplilearn.TestNGproject.FacebookloginTest -->
    </test> <!-- Test -->
  </suite> <!-- Suite -->
</testng-results>
